<?xml version="1.0" encoding="UTF-8"?>
<testng-results ignored="0" total="1" passed="1" failed="0" skipped="0">
  <reporter-output>
  </reporter-output>
  <suite started-at="2023-11-21T21:04:21 BDT" name="Default suite" finished-at="2023-11-21T21:04:37 BDT" duration-ms="15750">
    <groups>
    </groups>
    <test started-at="2023-11-21T21:04:21 BDT" name="Default test" finished-at="2023-11-21T21:04:37 BDT" duration-ms="15750">
      <class name="batch7.TestNgTest">
        <test-method is-config="true" signature="BeforeTest1()[pri:0, instance:batch7.TestNgTest@46cdf8bd]" started-at="2023-11-21T21:04:21 BDT" name="BeforeTest1" finished-at="2023-11-21T21:04:28 BDT" duration-ms="6213" status="PASS">
          <reporter-output>
          </reporter-output>
        </test-method> <!-- BeforeTest1 -->
        <test-method signature="Test1()[pri:0, instance:batch7.TestNgTest@46cdf8bd]" started-at="2023-11-21T21:04:28 BDT" name="Test1" finished-at="2023-11-21T21:04:37 BDT" duration-ms="9490" status="PASS">
          <reporter-output>
          </reporter-output>
        </test-method> <!-- Test1 -->
        <test-method is-config="true" signature="AfterTest1()[pri:0, instance:batch7.TestNgTest@46cdf8bd]" started-at="2023-11-21T21:04:37 BDT" name="AfterTest1" finished-at="2023-11-21T21:04:37 BDT" duration-ms="0" status="PASS">
          <reporter-output>
          </reporter-output>
        </test-method> <!-- AfterTest1 -->
      </class> <!-- batch7.TestNgTest -->
    </test> <!-- Default test -->
  </suite> <!-- Default suite -->
</testng-results>
